<?xml version="1.0" encoding="UTF-8"?>
<Site BuildName="(empty)"
	BuildStamp="20250429-1951-Experimental"
	Name="jammy22"
	Generator="ctest-3.22.1"
	CompilerName="/usr/bin/c++"
	CompilerVersion="11.4.0"
	OSName="Linux"
	Hostname="jammy22"
	OSRelease="6.8.0-58-generic"
	OSVersion="#60~22.04.1-Ubuntu SMP PREEMPT_DYNAMIC Fri Mar 28 16:09:21 UTC 2"
	OSPlatform="x86_64"
	Is64Bits="1"
	VendorString="GenuineIntel"
	VendorID="Intel Corporation"
	FamilyID="6"
	ModelID="170"
	ProcessorCacheSize="24576"
	NumberOfLogicalCPU="2"
	NumberOfPhysicalCPU="2"
	TotalVirtualMemory="2047"
	TotalPhysicalMemory="10428"
	LogicalProcessorsPerPhysical="1"
	ProcessorClockFrequency="2995.2"
	>
	<Testing>
		<StartDateTime>Apr 29 19:20 EDT</StartDateTime>
		<StartTestTime>1745968836</StartTestTime>
		<TestList/>
		<EndDateTime>Apr 29 19:20 EDT</EndDateTime>
		<EndTestTime>1745968836</EndTestTime>
		<ElapsedMinutes>0</ElapsedMinutes>
	</Testing>
</Site>
